{"/Users/Fandy/Desktop/work-Projects/advanced-ecommerce-platform/backend/i18n.js": {"path":"/Users/Fandy/Desktop/work-Projects/advanced-ecommerce-platform/backend/i18n.js","statementMap":{"0":{"start":{"line":1,"column":13},"end":{"line":1,"column":31}},"1":{"start":{"line":2,"column":16},"end":{"line":2,"column":45}},"2":{"start":{"line":3,"column":19},"end":{"line":3,"column":53}},"3":{"start":{"line":5,"column":0},"end":{"line":18,"column":5}},"4":{"start":{"line":20,"column":0},"end":{"line":20,"column":22}}},"fnMap":{},"branchMap":{},"s":{"0":1,"1":1,"2":1,"3":1,"4":1},"f":{},"b":{},"_coverageSchema":"1a1c01bbd47fc00a2c39e90264f33305004495a9","hash":"9f86f8ccb686f0967356ea202fd9c2b24fe9e8d3"}
,"/Users/Fandy/Desktop/work-Projects/advanced-ecommerce-platform/backend/server.js": {"path":"/Users/Fandy/Desktop/work-Projects/advanced-ecommerce-platform/backend/server.js","statementMap":{"0":{"start":{"line":1,"column":16},"end":{"line":1,"column":34}},"1":{"start":{"line":2,"column":17},"end":{"line":2,"column":36}},"2":{"start":{"line":3,"column":15},"end":{"line":3,"column":32}},"3":{"start":{"line":4,"column":13},"end":{"line":4,"column":28}},"4":{"start":{"line":5,"column":13},"end":{"line":5,"column":28}},"5":{"start":{"line":6,"column":19},"end":{"line":6,"column":39}},"6":{"start":{"line":7,"column":15},"end":{"line":7,"column":40}},"7":{"start":{"line":8,"column":42},"end":{"line":8,"column":68}},"8":{"start":{"line":9,"column":13},"end":{"line":9,"column":30}},"9":{"start":{"line":10,"column":19},"end":{"line":10,"column":53}},"10":{"start":{"line":13,"column":0},"end":{"line":13,"column":80}},"11":{"start":{"line":16,"column":29},"end":{"line":16,"column":63}},"12":{"start":{"line":17,"column":21},"end":{"line":17,"column":47}},"13":{"start":{"line":18,"column":19},"end":{"line":18,"column":43}},"14":{"start":{"line":19,"column":22},"end":{"line":19,"column":49}},"15":{"start":{"line":20,"column":19},"end":{"line":20,"column":43}},"16":{"start":{"line":21,"column":20},"end":{"line":21,"column":45}},"17":{"start":{"line":23,"column":12},"end":{"line":23,"column":21}},"18":{"start":{"line":24,"column":0},"end":{"line":24,"column":16}},"19":{"start":{"line":25,"column":0},"end":{"line":25,"column":24}},"20":{"start":{"line":27,"column":13},"end":{"line":27,"column":37}},"21":{"start":{"line":30,"column":0},"end":{"line":30,"column":33}},"22":{"start":{"line":33,"column":0},"end":{"line":43,"column":3}},"23":{"start":{"line":34,"column":16},"end":{"line":34,"column":48}},"24":{"start":{"line":35,"column":4},"end":{"line":41,"column":7}},"25":{"start":{"line":36,"column":8},"end":{"line":40,"column":11}},"26":{"start":{"line":42,"column":4},"end":{"line":42,"column":11}},"27":{"start":{"line":46,"column":0},"end":{"line":49,"column":3}},"28":{"start":{"line":47,"column":4},"end":{"line":47,"column":56}},"29":{"start":{"line":48,"column":4},"end":{"line":48,"column":38}},"30":{"start":{"line":52,"column":18},"end":{"line":60,"column":1}},"31":{"start":{"line":53,"column":4},"end":{"line":59,"column":5}},"32":{"start":{"line":54,"column":8},"end":{"line":54,"column":54}},"33":{"start":{"line":55,"column":8},"end":{"line":55,"column":44}},"34":{"start":{"line":57,"column":8},"end":{"line":57,"column":65}},"35":{"start":{"line":58,"column":8},"end":{"line":58,"column":24}},"36":{"start":{"line":63,"column":15},"end":{"line":63,"column":37}},"37":{"start":{"line":64,"column":11},"end":{"line":64,"column":56}},"38":{"start":{"line":67,"column":0},"end":{"line":72,"column":3}},"39":{"start":{"line":68,"column":4},"end":{"line":68,"column":50}},"40":{"start":{"line":69,"column":4},"end":{"line":71,"column":7}},"41":{"start":{"line":70,"column":8},"end":{"line":70,"column":55}},"42":{"start":{"line":75,"column":0},"end":{"line":78,"column":3}},"43":{"start":{"line":76,"column":4},"end":{"line":76,"column":16}},"44":{"start":{"line":77,"column":4},"end":{"line":77,"column":11}},"45":{"start":{"line":81,"column":0},"end":{"line":81,"column":34}},"46":{"start":{"line":82,"column":0},"end":{"line":82,"column":40}},"47":{"start":{"line":83,"column":0},"end":{"line":83,"column":34}},"48":{"start":{"line":84,"column":0},"end":{"line":84,"column":36}},"49":{"start":{"line":85,"column":0},"end":{"line":85,"column":54}},"50":{"start":{"line":86,"column":0},"end":{"line":86,"column":38}},"51":{"start":{"line":89,"column":0},"end":{"line":89,"column":60}},"52":{"start":{"line":89,"column":27},"end":{"line":89,"column":58}},"53":{"start":{"line":92,"column":0},"end":{"line":95,"column":3}},"54":{"start":{"line":93,"column":4},"end":{"line":93,"column":42}},"55":{"start":{"line":94,"column":4},"end":{"line":94,"column":62}},"56":{"start":{"line":98,"column":0},"end":{"line":101,"column":1}},"57":{"start":{"line":99,"column":4},"end":{"line":99,"column":16}},"58":{"start":{"line":100,"column":4},"end":{"line":100,"column":77}},"59":{"start":{"line":100,"column":30},"end":{"line":100,"column":75}},"60":{"start":{"line":104,"column":0},"end":{"line":104,"column":44}}},"fnMap":{"0":{"name":"(anonymous_0)","decl":{"start":{"line":33,"column":8},"end":{"line":33,"column":9}},"loc":{"start":{"line":33,"column":28},"end":{"line":43,"column":1}},"line":33},"1":{"name":"(anonymous_1)","decl":{"start":{"line":35,"column":21},"end":{"line":35,"column":22}},"loc":{"start":{"line":35,"column":27},"end":{"line":41,"column":5}},"line":35},"2":{"name":"(anonymous_2)","decl":{"start":{"line":46,"column":20},"end":{"line":46,"column":21}},"loc":{"start":{"line":46,"column":40},"end":{"line":49,"column":1}},"line":46},"3":{"name":"(anonymous_3)","decl":{"start":{"line":52,"column":18},"end":{"line":52,"column":19}},"loc":{"start":{"line":52,"column":30},"end":{"line":60,"column":1}},"line":52},"4":{"name":"(anonymous_4)","decl":{"start":{"line":67,"column":20},"end":{"line":67,"column":21}},"loc":{"start":{"line":67,"column":32},"end":{"line":72,"column":1}},"line":67},"5":{"name":"(anonymous_5)","decl":{"start":{"line":69,"column":28},"end":{"line":69,"column":29}},"loc":{"start":{"line":69,"column":34},"end":{"line":71,"column":5}},"line":69},"6":{"name":"(anonymous_6)","decl":{"start":{"line":75,"column":8},"end":{"line":75,"column":9}},"loc":{"start":{"line":75,"column":28},"end":{"line":78,"column":1}},"line":75},"7":{"name":"(anonymous_7)","decl":{"start":{"line":89,"column":13},"end":{"line":89,"column":14}},"loc":{"start":{"line":89,"column":27},"end":{"line":89,"column":58}},"line":89},"8":{"name":"(anonymous_8)","decl":{"start":{"line":92,"column":8},"end":{"line":92,"column":9}},"loc":{"start":{"line":92,"column":33},"end":{"line":95,"column":1}},"line":92},"9":{"name":"(anonymous_9)","decl":{"start":{"line":100,"column":24},"end":{"line":100,"column":25}},"loc":{"start":{"line":100,"column":30},"end":{"line":100,"column":75}},"line":100}},"branchMap":{"0":{"loc":{"start":{"line":13,"column":22},"end":{"line":13,"column":76}},"type":"cond-expr","locations":[{"start":{"line":13,"column":56},"end":{"line":13,"column":67}},{"start":{"line":13,"column":70},"end":{"line":13,"column":76}}],"line":13},"1":{"loc":{"start":{"line":27,"column":13},"end":{"line":27,"column":37}},"type":"binary-expr","locations":[{"start":{"line":27,"column":13},"end":{"line":27,"column":29}},{"start":{"line":27,"column":33},"end":{"line":27,"column":37}}],"line":27},"2":{"loc":{"start":{"line":38,"column":19},"end":{"line":38,"column":46}},"type":"binary-expr","locations":[{"start":{"line":38,"column":19},"end":{"line":38,"column":34}},{"start":{"line":38,"column":38},"end":{"line":38,"column":46}}],"line":38},"3":{"loc":{"start":{"line":98,"column":0},"end":{"line":101,"column":1}},"type":"if","locations":[{"start":{"line":98,"column":0},"end":{"line":101,"column":1}},{"start":{},"end":{}}],"line":98}},"s":{"0":1,"1":1,"2":1,"3":1,"4":1,"5":1,"6":1,"7":1,"8":1,"9":1,"10":1,"11":1,"12":1,"13":1,"14":1,"15":1,"16":1,"17":1,"18":1,"19":1,"20":1,"21":1,"22":1,"23":0,"24":0,"25":0,"26":0,"27":1,"28":0,"29":0,"30":1,"31":0,"32":0,"33":0,"34":0,"35":0,"36":1,"37":1,"38":1,"39":0,"40":0,"41":0,"42":1,"43":0,"44":0,"45":1,"46":1,"47":1,"48":1,"49":1,"50":1,"51":1,"52":0,"53":1,"54":0,"55":0,"56":1,"57":0,"58":0,"59":0,"60":1},"f":{"0":0,"1":0,"2":0,"3":0,"4":0,"5":0,"6":0,"7":0,"8":0,"9":0},"b":{"0":[1,0],"1":[1,0],"2":[0,0],"3":[0,1]},"_coverageSchema":"1a1c01bbd47fc00a2c39e90264f33305004495a9","hash":"365f16d3a2bbcad020e79d211c55e485c36bd7ac"}
,"/Users/Fandy/Desktop/work-Projects/advanced-ecommerce-platform/backend/models/Cart.js": {"path":"/Users/Fandy/Desktop/work-Projects/advanced-ecommerce-platform/backend/models/Cart.js","statementMap":{"0":{"start":{"line":1,"column":17},"end":{"line":1,"column":36}},"1":{"start":{"line":3,"column":19},"end":{"line":16,"column":2}},"2":{"start":{"line":18,"column":0},"end":{"line":18,"column":52}}},"fnMap":{},"branchMap":{},"s":{"0":1,"1":1,"2":1},"f":{},"b":{},"_coverageSchema":"1a1c01bbd47fc00a2c39e90264f33305004495a9","hash":"e66e9181bb321752c27b4eb44c06f07e20ace0af"}
,"/Users/Fandy/Desktop/work-Projects/advanced-ecommerce-platform/backend/models/Order.js": {"path":"/Users/Fandy/Desktop/work-Projects/advanced-ecommerce-platform/backend/models/Order.js","statementMap":{"0":{"start":{"line":1,"column":17},"end":{"line":1,"column":36}},"1":{"start":{"line":3,"column":20},"end":{"line":24,"column":2}},"2":{"start":{"line":26,"column":0},"end":{"line":26,"column":54}}},"fnMap":{},"branchMap":{},"s":{"0":1,"1":1,"2":1},"f":{},"b":{},"_coverageSchema":"1a1c01bbd47fc00a2c39e90264f33305004495a9","hash":"a88ec98f4de7459128272bcb5a07e9cbf02b7989"}
,"/Users/Fandy/Desktop/work-Projects/advanced-ecommerce-platform/backend/models/Product.js": {"path":"/Users/Fandy/Desktop/work-Projects/advanced-ecommerce-platform/backend/models/Product.js","statementMap":{"0":{"start":{"line":1,"column":17},"end":{"line":1,"column":36}},"1":{"start":{"line":3,"column":22},"end":{"line":31,"column":2}},"2":{"start":{"line":34,"column":0},"end":{"line":34,"column":46}},"3":{"start":{"line":36,"column":0},"end":{"line":36,"column":58}}},"fnMap":{},"branchMap":{},"s":{"0":1,"1":1,"2":1,"3":1},"f":{},"b":{},"_coverageSchema":"1a1c01bbd47fc00a2c39e90264f33305004495a9","hash":"fd09368fc8c9d174916b53c9fda029bb0d1b2ecc"}
,"/Users/Fandy/Desktop/work-Projects/advanced-ecommerce-platform/backend/models/User.js": {"path":"/Users/Fandy/Desktop/work-Projects/advanced-ecommerce-platform/backend/models/User.js","statementMap":{"0":{"start":{"line":1,"column":17},"end":{"line":1,"column":36}},"1":{"start":{"line":3,"column":19},"end":{"line":30,"column":2}},"2":{"start":{"line":32,"column":0},"end":{"line":32,"column":52}}},"fnMap":{},"branchMap":{},"s":{"0":1,"1":1,"2":1},"f":{},"b":{},"_coverageSchema":"1a1c01bbd47fc00a2c39e90264f33305004495a9","hash":"f39300fed6e428df8e3765cc6c0002896eaf214d"}
,"/Users/Fandy/Desktop/work-Projects/advanced-ecommerce-platform/backend/models/Vendor.js": {"path":"/Users/Fandy/Desktop/work-Projects/advanced-ecommerce-platform/backend/models/Vendor.js","statementMap":{"0":{"start":{"line":1,"column":17},"end":{"line":1,"column":36}},"1":{"start":{"line":3,"column":21},"end":{"line":11,"column":2}},"2":{"start":{"line":14,"column":0},"end":{"line":14,"column":56}}},"fnMap":{},"branchMap":{},"s":{"0":1,"1":1,"2":1},"f":{},"b":{},"_coverageSchema":"1a1c01bbd47fc00a2c39e90264f33305004495a9","hash":"2ec552de44274c71122c977319f0a18ff9855bdb"}
,"/Users/Fandy/Desktop/work-Projects/advanced-ecommerce-platform/backend/routes/cart.js": {"path":"/Users/Fandy/Desktop/work-Projects/advanced-ecommerce-platform/backend/routes/cart.js","statementMap":{"0":{"start":{"line":1,"column":16},"end":{"line":1,"column":34}},"1":{"start":{"line":2,"column":17},"end":{"line":2,"column":36}},"2":{"start":{"line":3,"column":13},"end":{"line":3,"column":38}},"3":{"start":{"line":4,"column":16},"end":{"line":4,"column":44}},"4":{"start":{"line":5,"column":15},"end":{"line":5,"column":31}},"5":{"start":{"line":8,"column":0},"end":{"line":22,"column":3}},"6":{"start":{"line":9,"column":4},"end":{"line":21,"column":5}},"7":{"start":{"line":10,"column":8},"end":{"line":12,"column":9}},"8":{"start":{"line":11,"column":12},"end":{"line":11,"column":85}},"9":{"start":{"line":14,"column":21},"end":{"line":14,"column":94}},"10":{"start":{"line":15,"column":8},"end":{"line":17,"column":9}},"11":{"start":{"line":16,"column":12},"end":{"line":16,"column":84}},"12":{"start":{"line":18,"column":8},"end":{"line":18,"column":35}},"13":{"start":{"line":20,"column":8},"end":{"line":20,"column":66}},"14":{"start":{"line":25,"column":0},"end":{"line":65,"column":3}},"15":{"start":{"line":26,"column":36},"end":{"line":26,"column":44}},"16":{"start":{"line":28,"column":4},"end":{"line":30,"column":5}},"17":{"start":{"line":29,"column":8},"end":{"line":29,"column":81}},"18":{"start":{"line":32,"column":4},"end":{"line":34,"column":5}},"19":{"start":{"line":33,"column":8},"end":{"line":33,"column":82}},"20":{"start":{"line":36,"column":4},"end":{"line":64,"column":5}},"21":{"start":{"line":37,"column":19},"end":{"line":37,"column":66}},"22":{"start":{"line":38,"column":24},"end":{"line":38,"column":57}},"23":{"start":{"line":39,"column":8},"end":{"line":41,"column":9}},"24":{"start":{"line":40,"column":12},"end":{"line":40,"column":87}},"25":{"start":{"line":43,"column":8},"end":{"line":45,"column":9}},"26":{"start":{"line":44,"column":12},"end":{"line":44,"column":88}},"27":{"start":{"line":48,"column":8},"end":{"line":50,"column":9}},"28":{"start":{"line":49,"column":12},"end":{"line":49,"column":68}},"29":{"start":{"line":53,"column":29},"end":{"line":53,"column":93}},"30":{"start":{"line":53,"column":55},"end":{"line":53,"column":92}},"31":{"start":{"line":54,"column":8},"end":{"line":58,"column":9}},"32":{"start":{"line":55,"column":12},"end":{"line":55,"column":46}},"33":{"start":{"line":57,"column":12},"end":{"line":57,"column":62}},"34":{"start":{"line":60,"column":8},"end":{"line":60,"column":26}},"35":{"start":{"line":61,"column":8},"end":{"line":61,"column":84}},"36":{"start":{"line":63,"column":8},"end":{"line":63,"column":66}},"37":{"start":{"line":68,"column":0},"end":{"line":88,"column":3}},"38":{"start":{"line":69,"column":34},"end":{"line":69,"column":44}},"39":{"start":{"line":71,"column":4},"end":{"line":73,"column":5}},"40":{"start":{"line":72,"column":8},"end":{"line":72,"column":81}},"41":{"start":{"line":75,"column":4},"end":{"line":87,"column":5}},"42":{"start":{"line":76,"column":21},"end":{"line":76,"column":57}},"43":{"start":{"line":77,"column":8},"end":{"line":79,"column":9}},"44":{"start":{"line":78,"column":12},"end":{"line":78,"column":84}},"45":{"start":{"line":82,"column":8},"end":{"line":82,"column":88}},"46":{"start":{"line":82,"column":49},"end":{"line":82,"column":86}},"47":{"start":{"line":83,"column":8},"end":{"line":83,"column":26}},"48":{"start":{"line":84,"column":8},"end":{"line":84,"column":89}},"49":{"start":{"line":86,"column":8},"end":{"line":86,"column":66}},"50":{"start":{"line":90,"column":0},"end":{"line":90,"column":24}}},"fnMap":{"0":{"name":"(anonymous_0)","decl":{"start":{"line":8,"column":23},"end":{"line":8,"column":24}},"loc":{"start":{"line":8,"column":43},"end":{"line":22,"column":1}},"line":8},"1":{"name":"(anonymous_1)","decl":{"start":{"line":25,"column":24},"end":{"line":25,"column":25}},"loc":{"start":{"line":25,"column":44},"end":{"line":65,"column":1}},"line":25},"2":{"name":"(anonymous_2)","decl":{"start":{"line":53,"column":45},"end":{"line":53,"column":46}},"loc":{"start":{"line":53,"column":55},"end":{"line":53,"column":92}},"line":53},"3":{"name":"(anonymous_3)","decl":{"start":{"line":68,"column":37},"end":{"line":68,"column":38}},"loc":{"start":{"line":68,"column":57},"end":{"line":88,"column":1}},"line":68},"4":{"name":"(anonymous_4)","decl":{"start":{"line":82,"column":39},"end":{"line":82,"column":40}},"loc":{"start":{"line":82,"column":49},"end":{"line":82,"column":86}},"line":82}},"branchMap":{"0":{"loc":{"start":{"line":10,"column":8},"end":{"line":12,"column":9}},"type":"if","locations":[{"start":{"line":10,"column":8},"end":{"line":12,"column":9}},{"start":{},"end":{}}],"line":10},"1":{"loc":{"start":{"line":15,"column":8},"end":{"line":17,"column":9}},"type":"if","locations":[{"start":{"line":15,"column":8},"end":{"line":17,"column":9}},{"start":{},"end":{}}],"line":15},"2":{"loc":{"start":{"line":28,"column":4},"end":{"line":30,"column":5}},"type":"if","locations":[{"start":{"line":28,"column":4},"end":{"line":30,"column":5}},{"start":{},"end":{}}],"line":28},"3":{"loc":{"start":{"line":28,"column":8},"end":{"line":28,"column":106}},"type":"binary-expr","locations":[{"start":{"line":28,"column":8},"end":{"line":28,"column":59}},{"start":{"line":28,"column":63},"end":{"line":28,"column":106}}],"line":28},"4":{"loc":{"start":{"line":32,"column":4},"end":{"line":34,"column":5}},"type":"if","locations":[{"start":{"line":32,"column":4},"end":{"line":34,"column":5}},{"start":{},"end":{}}],"line":32},"5":{"loc":{"start":{"line":32,"column":8},"end":{"line":32,"column":34}},"type":"binary-expr","locations":[{"start":{"line":32,"column":8},"end":{"line":32,"column":17}},{"start":{"line":32,"column":21},"end":{"line":32,"column":34}}],"line":32},"6":{"loc":{"start":{"line":39,"column":8},"end":{"line":41,"column":9}},"type":"if","locations":[{"start":{"line":39,"column":8},"end":{"line":41,"column":9}},{"start":{},"end":{}}],"line":39},"7":{"loc":{"start":{"line":43,"column":8},"end":{"line":45,"column":9}},"type":"if","locations":[{"start":{"line":43,"column":8},"end":{"line":45,"column":9}},{"start":{},"end":{}}],"line":43},"8":{"loc":{"start":{"line":48,"column":8},"end":{"line":50,"column":9}},"type":"if","locations":[{"start":{"line":48,"column":8},"end":{"line":50,"column":9}},{"start":{},"end":{}}],"line":48},"9":{"loc":{"start":{"line":54,"column":8},"end":{"line":58,"column":9}},"type":"if","locations":[{"start":{"line":54,"column":8},"end":{"line":58,"column":9}},{"start":{"line":56,"column":15},"end":{"line":58,"column":9}}],"line":54},"10":{"loc":{"start":{"line":71,"column":4},"end":{"line":73,"column":5}},"type":"if","locations":[{"start":{"line":71,"column":4},"end":{"line":73,"column":5}},{"start":{},"end":{}}],"line":71},"11":{"loc":{"start":{"line":71,"column":8},"end":{"line":71,"column":95}},"type":"binary-expr","locations":[{"start":{"line":71,"column":8},"end":{"line":71,"column":48}},{"start":{"line":71,"column":52},"end":{"line":71,"column":95}}],"line":71},"12":{"loc":{"start":{"line":77,"column":8},"end":{"line":79,"column":9}},"type":"if","locations":[{"start":{"line":77,"column":8},"end":{"line":79,"column":9}},{"start":{},"end":{}}],"line":77}},"s":{"0":1,"1":1,"2":1,"3":1,"4":1,"5":1,"6":0,"7":0,"8":0,"9":0,"10":0,"11":0,"12":0,"13":0,"14":1,"15":0,"16":0,"17":0,"18":0,"19":0,"20":0,"21":0,"22":0,"23":0,"24":0,"25":0,"26":0,"27":0,"28":0,"29":0,"30":0,"31":0,"32":0,"33":0,"34":0,"35":0,"36":0,"37":1,"38":0,"39":0,"40":0,"41":0,"42":0,"43":0,"44":0,"45":0,"46":0,"47":0,"48":0,"49":0,"50":1},"f":{"0":0,"1":0,"2":0,"3":0,"4":0},"b":{"0":[0,0],"1":[0,0],"2":[0,0],"3":[0,0],"4":[0,0],"5":[0,0],"6":[0,0],"7":[0,0],"8":[0,0],"9":[0,0],"10":[0,0],"11":[0,0],"12":[0,0]},"_coverageSchema":"1a1c01bbd47fc00a2c39e90264f33305004495a9","hash":"5db305279a42c9b6c3f5f3feb0bfdf2fadad8665"}
,"/Users/Fandy/Desktop/work-Projects/advanced-ecommerce-platform/backend/routes/order.js": {"path":"/Users/Fandy/Desktop/work-Projects/advanced-ecommerce-platform/backend/routes/order.js","statementMap":{"0":{"start":{"line":1,"column":16},"end":{"line":1,"column":34}},"1":{"start":{"line":2,"column":14},"end":{"line":2,"column":40}},"2":{"start":{"line":3,"column":16},"end":{"line":3,"column":44}},"3":{"start":{"line":4,"column":13},"end":{"line":4,"column":38}},"4":{"start":{"line":5,"column":13},"end":{"line":5,"column":38}},"5":{"start":{"line":6,"column":15},"end":{"line":6,"column":31}},"6":{"start":{"line":7,"column":12},"end":{"line":7,"column":35}},"7":{"start":{"line":10,"column":27},"end":{"line":22,"column":1}},"8":{"start":{"line":11,"column":18},"end":{"line":11,"column":58}},"9":{"start":{"line":12,"column":4},"end":{"line":14,"column":5}},"10":{"start":{"line":13,"column":8},"end":{"line":13,"column":79}},"11":{"start":{"line":15,"column":4},"end":{"line":21,"column":5}},"12":{"start":{"line":16,"column":24},"end":{"line":16,"column":65}},"13":{"start":{"line":17,"column":8},"end":{"line":17,"column":34}},"14":{"start":{"line":18,"column":8},"end":{"line":18,"column":15}},"15":{"start":{"line":20,"column":8},"end":{"line":20,"column":72}},"16":{"start":{"line":25,"column":0},"end":{"line":83,"column":3}},"17":{"start":{"line":26,"column":24},"end":{"line":26,"column":32}},"18":{"start":{"line":27,"column":4},"end":{"line":82,"column":5}},"19":{"start":{"line":29,"column":8},"end":{"line":31,"column":9}},"20":{"start":{"line":30,"column":12},"end":{"line":30,"column":85}},"21":{"start":{"line":34,"column":21},"end":{"line":34,"column":94}},"22":{"start":{"line":35,"column":8},"end":{"line":37,"column":9}},"23":{"start":{"line":36,"column":12},"end":{"line":36,"column":80}},"24":{"start":{"line":40,"column":28},"end":{"line":40,"column":105}},"25":{"start":{"line":40,"column":61},"end":{"line":40,"column":101}},"26":{"start":{"line":41,"column":25},"end":{"line":41,"column":55}},"27":{"start":{"line":44,"column":8},"end":{"line":49,"column":9}},"28":{"start":{"line":45,"column":12},"end":{"line":47,"column":13}},"29":{"start":{"line":46,"column":16},"end":{"line":46,"column":124}},"30":{"start":{"line":48,"column":12},"end":{"line":48,"column":99}},"31":{"start":{"line":52,"column":25},"end":{"line":61,"column":10}},"32":{"start":{"line":54,"column":43},"end":{"line":57,"column":13}},"33":{"start":{"line":62,"column":8},"end":{"line":62,"column":30}},"34":{"start":{"line":65,"column":8},"end":{"line":67,"column":11}},"35":{"start":{"line":66,"column":74},"end":{"line":66,"column":90}},"36":{"start":{"line":70,"column":8},"end":{"line":70,"column":65}},"37":{"start":{"line":73,"column":8},"end":{"line":77,"column":11}},"38":{"start":{"line":79,"column":8},"end":{"line":79,"column":86}},"39":{"start":{"line":81,"column":8},"end":{"line":81,"column":66}},"40":{"start":{"line":86,"column":0},"end":{"line":93,"column":3}},"41":{"start":{"line":87,"column":4},"end":{"line":92,"column":5}},"42":{"start":{"line":88,"column":23},"end":{"line":88,"column":93}},"43":{"start":{"line":89,"column":8},"end":{"line":89,"column":37}},"44":{"start":{"line":91,"column":8},"end":{"line":91,"column":66}},"45":{"start":{"line":96,"column":0},"end":{"line":106,"column":3}},"46":{"start":{"line":97,"column":4},"end":{"line":105,"column":5}},"47":{"start":{"line":98,"column":23},"end":{"line":98,"column":94}},"48":{"start":{"line":99,"column":8},"end":{"line":101,"column":9}},"49":{"start":{"line":100,"column":12},"end":{"line":100,"column":85}},"50":{"start":{"line":102,"column":8},"end":{"line":102,"column":37}},"51":{"start":{"line":104,"column":8},"end":{"line":104,"column":66}},"52":{"start":{"line":109,"column":0},"end":{"line":129,"column":3}},"53":{"start":{"line":110,"column":28},"end":{"line":110,"column":36}},"54":{"start":{"line":111,"column":4},"end":{"line":128,"column":5}},"55":{"start":{"line":112,"column":22},"end":{"line":112,"column":62}},"56":{"start":{"line":113,"column":8},"end":{"line":115,"column":9}},"57":{"start":{"line":114,"column":12},"end":{"line":114,"column":85}},"58":{"start":{"line":118,"column":8},"end":{"line":120,"column":9}},"59":{"start":{"line":119,"column":12},"end":{"line":119,"column":89}},"60":{"start":{"line":122,"column":8},"end":{"line":122,"column":40}},"61":{"start":{"line":123,"column":8},"end":{"line":123,"column":27}},"62":{"start":{"line":124,"column":8},"end":{"line":124,"column":87}},"63":{"start":{"line":125,"column":8},"end":{"line":125,"column":80}},"64":{"start":{"line":127,"column":8},"end":{"line":127,"column":66}},"65":{"start":{"line":131,"column":0},"end":{"line":131,"column":24}}},"fnMap":{"0":{"name":"(anonymous_0)","decl":{"start":{"line":10,"column":27},"end":{"line":10,"column":28}},"loc":{"start":{"line":10,"column":47},"end":{"line":22,"column":1}},"line":10},"1":{"name":"(anonymous_1)","decl":{"start":{"line":25,"column":24},"end":{"line":25,"column":25}},"loc":{"start":{"line":25,"column":44},"end":{"line":83,"column":1}},"line":25},"2":{"name":"(anonymous_2)","decl":{"start":{"line":40,"column":46},"end":{"line":40,"column":47}},"loc":{"start":{"line":40,"column":61},"end":{"line":40,"column":101}},"line":40},"3":{"name":"(anonymous_3)","decl":{"start":{"line":54,"column":34},"end":{"line":54,"column":35}},"loc":{"start":{"line":54,"column":43},"end":{"line":57,"column":13}},"line":54},"4":{"name":"(anonymous_4)","decl":{"start":{"line":66,"column":66},"end":{"line":66,"column":67}},"loc":{"start":{"line":66,"column":74},"end":{"line":66,"column":90}},"line":66},"5":{"name":"(anonymous_5)","decl":{"start":{"line":86,"column":42},"end":{"line":86,"column":43}},"loc":{"start":{"line":86,"column":62},"end":{"line":93,"column":1}},"line":86},"6":{"name":"(anonymous_6)","decl":{"start":{"line":96,"column":30},"end":{"line":96,"column":31}},"loc":{"start":{"line":96,"column":50},"end":{"line":106,"column":1}},"line":96},"7":{"name":"(anonymous_7)","decl":{"start":{"line":109,"column":44},"end":{"line":109,"column":45}},"loc":{"start":{"line":109,"column":64},"end":{"line":129,"column":1}},"line":109}},"branchMap":{"0":{"loc":{"start":{"line":12,"column":4},"end":{"line":14,"column":5}},"type":"if","locations":[{"start":{"line":12,"column":4},"end":{"line":14,"column":5}},{"start":{},"end":{}}],"line":12},"1":{"loc":{"start":{"line":29,"column":8},"end":{"line":31,"column":9}},"type":"if","locations":[{"start":{"line":29,"column":8},"end":{"line":31,"column":9}},{"start":{},"end":{}}],"line":29},"2":{"loc":{"start":{"line":29,"column":12},"end":{"line":29,"column":85}},"type":"binary-expr","locations":[{"start":{"line":29,"column":12},"end":{"line":29,"column":30}},{"start":{"line":29,"column":34},"end":{"line":29,"column":85}}],"line":29},"3":{"loc":{"start":{"line":35,"column":8},"end":{"line":37,"column":9}},"type":"if","locations":[{"start":{"line":35,"column":8},"end":{"line":37,"column":9}},{"start":{},"end":{}}],"line":35},"4":{"loc":{"start":{"line":35,"column":12},"end":{"line":35,"column":44}},"type":"binary-expr","locations":[{"start":{"line":35,"column":12},"end":{"line":35,"column":17}},{"start":{"line":35,"column":21},"end":{"line":35,"column":44}}],"line":35},"5":{"loc":{"start":{"line":45,"column":12},"end":{"line":47,"column":13}},"type":"if","locations":[{"start":{"line":45,"column":12},"end":{"line":47,"column":13}},{"start":{},"end":{}}],"line":45},"6":{"loc":{"start":{"line":99,"column":8},"end":{"line":101,"column":9}},"type":"if","locations":[{"start":{"line":99,"column":8},"end":{"line":101,"column":9}},{"start":{},"end":{}}],"line":99},"7":{"loc":{"start":{"line":99,"column":12},"end":{"line":99,"column":42}},"type":"binary-expr","locations":[{"start":{"line":99,"column":12},"end":{"line":99,"column":19}},{"start":{"line":99,"column":23},"end":{"line":99,"column":42}}],"line":99},"8":{"loc":{"start":{"line":113,"column":8},"end":{"line":115,"column":9}},"type":"if","locations":[{"start":{"line":113,"column":8},"end":{"line":115,"column":9}},{"start":{},"end":{}}],"line":113},"9":{"loc":{"start":{"line":118,"column":8},"end":{"line":120,"column":9}},"type":"if","locations":[{"start":{"line":118,"column":8},"end":{"line":120,"column":9}},{"start":{},"end":{}}],"line":118}},"s":{"0":1,"1":1,"2":1,"3":1,"4":1,"5":1,"6":1,"7":1,"8":0,"9":0,"10":0,"11":0,"12":0,"13":0,"14":0,"15":0,"16":1,"17":0,"18":0,"19":0,"20":0,"21":0,"22":0,"23":0,"24":0,"25":0,"26":0,"27":0,"28":0,"29":0,"30":0,"31":0,"32":0,"33":0,"34":0,"35":0,"36":0,"37":0,"38":0,"39":0,"40":1,"41":0,"42":0,"43":0,"44":0,"45":1,"46":0,"47":0,"48":0,"49":0,"50":0,"51":0,"52":1,"53":0,"54":0,"55":0,"56":0,"57":0,"58":0,"59":0,"60":0,"61":0,"62":0,"63":0,"64":0,"65":1},"f":{"0":0,"1":0,"2":0,"3":0,"4":0,"5":0,"6":0,"7":0},"b":{"0":[0,0],"1":[0,0],"2":[0,0],"3":[0,0],"4":[0,0],"5":[0,0],"6":[0,0],"7":[0,0],"8":[0,0],"9":[0,0]},"_coverageSchema":"1a1c01bbd47fc00a2c39e90264f33305004495a9","hash":"688e02a2ed26b9e38f8170128dd459cad3bdc105"}
,"/Users/Fandy/Desktop/work-Projects/advanced-ecommerce-platform/backend/routes/product.js": {"path":"/Users/Fandy/Desktop/work-Projects/advanced-ecommerce-platform/backend/routes/product.js","statementMap":{"0":{"start":{"line":1,"column":16},"end":{"line":1,"column":34}},"1":{"start":{"line":2,"column":16},"end":{"line":2,"column":44}},"2":{"start":{"line":3,"column":15},"end":{"line":3,"column":40}},"3":{"start":{"line":4,"column":15},"end":{"line":4,"column":41}},"4":{"start":{"line":5,"column":32},"end":{"line":5,"column":59}},"5":{"start":{"line":6,"column":12},"end":{"line":6,"column":35}},"6":{"start":{"line":7,"column":15},"end":{"line":7,"column":31}},"7":{"start":{"line":10,"column":27},"end":{"line":22,"column":1}},"8":{"start":{"line":11,"column":18},"end":{"line":11,"column":58}},"9":{"start":{"line":12,"column":4},"end":{"line":14,"column":5}},"10":{"start":{"line":13,"column":8},"end":{"line":13,"column":79}},"11":{"start":{"line":15,"column":4},"end":{"line":21,"column":5}},"12":{"start":{"line":16,"column":24},"end":{"line":16,"column":65}},"13":{"start":{"line":17,"column":8},"end":{"line":17,"column":34}},"14":{"start":{"line":18,"column":8},"end":{"line":18,"column":15}},"15":{"start":{"line":20,"column":8},"end":{"line":20,"column":79}},"16":{"start":{"line":25,"column":0},"end":{"line":61,"column":3}},"17":{"start":{"line":26,"column":53},"end":{"line":26,"column":62}},"18":{"start":{"line":27,"column":21},"end":{"line":27,"column":135}},"19":{"start":{"line":28,"column":16},"end":{"line":28,"column":48}},"20":{"start":{"line":30,"column":4},"end":{"line":60,"column":5}},"21":{"start":{"line":32,"column":27},"end":{"line":32,"column":53}},"22":{"start":{"line":33,"column":8},"end":{"line":37,"column":9}},"23":{"start":{"line":34,"column":12},"end":{"line":34,"column":58}},"24":{"start":{"line":35,"column":12},"end":{"line":35,"column":70}},"25":{"start":{"line":36,"column":12},"end":{"line":36,"column":64}},"26":{"start":{"line":40,"column":22},"end":{"line":40,"column":98}},"27":{"start":{"line":41,"column":25},"end":{"line":44,"column":35}},"28":{"start":{"line":46,"column":22},"end":{"line":46,"column":57}},"29":{"start":{"line":48,"column":25},"end":{"line":48,"column":44}},"30":{"start":{"line":51,"column":8},"end":{"line":51,"column":69}},"31":{"start":{"line":52,"column":8},"end":{"line":52,"column":75}},"32":{"start":{"line":54,"column":8},"end":{"line":54,"column":66}},"33":{"start":{"line":55,"column":8},"end":{"line":55,"column":39}},"34":{"start":{"line":57,"column":8},"end":{"line":57,"column":66}},"35":{"start":{"line":58,"column":8},"end":{"line":58,"column":66}},"36":{"start":{"line":59,"column":8},"end":{"line":59,"column":66}},"37":{"start":{"line":64,"column":0},"end":{"line":84,"column":3}},"38":{"start":{"line":65,"column":66},"end":{"line":65,"column":74}},"39":{"start":{"line":66,"column":16},"end":{"line":66,"column":48}},"40":{"start":{"line":68,"column":4},"end":{"line":83,"column":5}},"41":{"start":{"line":69,"column":27},"end":{"line":71,"column":10}},"42":{"start":{"line":72,"column":8},"end":{"line":72,"column":32}},"43":{"start":{"line":74,"column":8},"end":{"line":74,"column":95}},"44":{"start":{"line":75,"column":8},"end":{"line":75,"column":79}},"45":{"start":{"line":77,"column":8},"end":{"line":77,"column":66}},"46":{"start":{"line":78,"column":8},"end":{"line":78,"column":102}},"47":{"start":{"line":80,"column":8},"end":{"line":80,"column":65}},"48":{"start":{"line":81,"column":8},"end":{"line":81,"column":66}},"49":{"start":{"line":82,"column":8},"end":{"line":82,"column":66}},"50":{"start":{"line":87,"column":0},"end":{"line":113,"column":3}},"51":{"start":{"line":88,"column":16},"end":{"line":88,"column":48}},"52":{"start":{"line":90,"column":4},"end":{"line":112,"column":5}},"53":{"start":{"line":91,"column":31},"end":{"line":95,"column":9}},"54":{"start":{"line":97,"column":8},"end":{"line":101,"column":9}},"55":{"start":{"line":98,"column":12},"end":{"line":98,"column":86}},"56":{"start":{"line":99,"column":12},"end":{"line":99,"column":70}},"57":{"start":{"line":100,"column":12},"end":{"line":100,"column":87}},"58":{"start":{"line":103,"column":8},"end":{"line":103,"column":103}},"59":{"start":{"line":104,"column":8},"end":{"line":104,"column":87}},"60":{"start":{"line":106,"column":8},"end":{"line":106,"column":66}},"61":{"start":{"line":107,"column":8},"end":{"line":107,"column":106}},"62":{"start":{"line":109,"column":8},"end":{"line":109,"column":65}},"63":{"start":{"line":110,"column":8},"end":{"line":110,"column":66}},"64":{"start":{"line":111,"column":8},"end":{"line":111,"column":66}},"65":{"start":{"line":116,"column":0},"end":{"line":135,"column":3}},"66":{"start":{"line":117,"column":16},"end":{"line":117,"column":48}},"67":{"start":{"line":119,"column":4},"end":{"line":134,"column":5}},"68":{"start":{"line":120,"column":31},"end":{"line":120,"column":109}},"69":{"start":{"line":121,"column":8},"end":{"line":125,"column":9}},"70":{"start":{"line":122,"column":12},"end":{"line":122,"column":76}},"71":{"start":{"line":123,"column":12},"end":{"line":123,"column":70}},"72":{"start":{"line":124,"column":12},"end":{"line":124,"column":87}},"73":{"start":{"line":127,"column":8},"end":{"line":127,"column":57}},"74":{"start":{"line":128,"column":8},"end":{"line":128,"column":66}},"75":{"start":{"line":129,"column":8},"end":{"line":129,"column":81}},"76":{"start":{"line":131,"column":8},"end":{"line":131,"column":65}},"77":{"start":{"line":132,"column":8},"end":{"line":132,"column":66}},"78":{"start":{"line":133,"column":8},"end":{"line":133,"column":66}},"79":{"start":{"line":137,"column":0},"end":{"line":137,"column":24}}},"fnMap":{"0":{"name":"(anonymous_0)","decl":{"start":{"line":10,"column":27},"end":{"line":10,"column":28}},"loc":{"start":{"line":10,"column":47},"end":{"line":22,"column":1}},"line":10},"1":{"name":"(anonymous_1)","decl":{"start":{"line":25,"column":36},"end":{"line":25,"column":37}},"loc":{"start":{"line":25,"column":56},"end":{"line":61,"column":1}},"line":25},"2":{"name":"(anonymous_2)","decl":{"start":{"line":64,"column":37},"end":{"line":64,"column":38}},"loc":{"start":{"line":64,"column":57},"end":{"line":84,"column":1}},"line":64},"3":{"name":"(anonymous_3)","decl":{"start":{"line":87,"column":39},"end":{"line":87,"column":40}},"loc":{"start":{"line":87,"column":59},"end":{"line":113,"column":1}},"line":87},"4":{"name":"(anonymous_4)","decl":{"start":{"line":116,"column":42},"end":{"line":116,"column":43}},"loc":{"start":{"line":116,"column":62},"end":{"line":135,"column":1}},"line":116}},"branchMap":{"0":{"loc":{"start":{"line":12,"column":4},"end":{"line":14,"column":5}},"type":"if","locations":[{"start":{"line":12,"column":4},"end":{"line":14,"column":5}},{"start":{},"end":{}}],"line":12},"1":{"loc":{"start":{"line":26,"column":12},"end":{"line":26,"column":20}},"type":"default-arg","locations":[{"start":{"line":26,"column":19},"end":{"line":26,"column":20}}],"line":26},"2":{"loc":{"start":{"line":26,"column":22},"end":{"line":26,"column":32}},"type":"default-arg","locations":[{"start":{"line":26,"column":30},"end":{"line":26,"column":32}}],"line":26},"3":{"loc":{"start":{"line":27,"column":93},"end":{"line":27,"column":110}},"type":"binary-expr","locations":[{"start":{"line":27,"column":93},"end":{"line":27,"column":101}},{"start":{"line":27,"column":105},"end":{"line":27,"column":110}}],"line":27},"4":{"loc":{"start":{"line":27,"column":119},"end":{"line":27,"column":133}},"type":"binary-expr","locations":[{"start":{"line":27,"column":119},"end":{"line":27,"column":123}},{"start":{"line":27,"column":127},"end":{"line":27,"column":133}}],"line":27},"5":{"loc":{"start":{"line":33,"column":8},"end":{"line":37,"column":9}},"type":"if","locations":[{"start":{"line":33,"column":8},"end":{"line":37,"column":9}},{"start":{},"end":{}}],"line":33},"6":{"loc":{"start":{"line":40,"column":22},"end":{"line":40,"column":98}},"type":"cond-expr","locations":[{"start":{"line":40,"column":33},"end":{"line":40,"column":69}},{"start":{"line":40,"column":72},"end":{"line":40,"column":98}}],"line":40},"7":{"loc":{"start":{"line":42,"column":18},"end":{"line":42,"column":43}},"type":"cond-expr","locations":[{"start":{"line":42,"column":25},"end":{"line":42,"column":38}},{"start":{"line":42,"column":41},"end":{"line":42,"column":43}}],"line":42},"8":{"loc":{"start":{"line":97,"column":8},"end":{"line":101,"column":9}},"type":"if","locations":[{"start":{"line":97,"column":8},"end":{"line":101,"column":9}},{"start":{},"end":{}}],"line":97},"9":{"loc":{"start":{"line":121,"column":8},"end":{"line":125,"column":9}},"type":"if","locations":[{"start":{"line":121,"column":8},"end":{"line":125,"column":9}},{"start":{},"end":{}}],"line":121}},"s":{"0":1,"1":1,"2":1,"3":1,"4":1,"5":1,"6":1,"7":1,"8":0,"9":0,"10":0,"11":0,"12":0,"13":0,"14":0,"15":0,"16":1,"17":0,"18":0,"19":0,"20":0,"21":0,"22":0,"23":0,"24":0,"25":0,"26":0,"27":0,"28":0,"29":0,"30":0,"31":0,"32":0,"33":0,"34":0,"35":0,"36":0,"37":1,"38":0,"39":0,"40":0,"41":0,"42":0,"43":0,"44":0,"45":0,"46":0,"47":0,"48":0,"49":0,"50":1,"51":0,"52":0,"53":0,"54":0,"55":0,"56":0,"57":0,"58":0,"59":0,"60":0,"61":0,"62":0,"63":0,"64":0,"65":1,"66":0,"67":0,"68":0,"69":0,"70":0,"71":0,"72":0,"73":0,"74":0,"75":0,"76":0,"77":0,"78":0,"79":1},"f":{"0":0,"1":0,"2":0,"3":0,"4":0},"b":{"0":[0,0],"1":[0],"2":[0],"3":[0,0],"4":[0,0],"5":[0,0],"6":[0,0],"7":[0,0],"8":[0,0],"9":[0,0]},"_coverageSchema":"1a1c01bbd47fc00a2c39e90264f33305004495a9","hash":"14c443955b9a9f99221e4fc3345d134072575d3f"}
,"/Users/Fandy/Desktop/work-Projects/advanced-ecommerce-platform/backend/routes/recommendation.js": {"path":"/Users/Fandy/Desktop/work-Projects/advanced-ecommerce-platform/backend/routes/recommendation.js","statementMap":{"0":{"start":{"line":1,"column":16},"end":{"line":1,"column":34}},"1":{"start":{"line":2,"column":13},"end":{"line":2,"column":38}},"2":{"start":{"line":3,"column":16},"end":{"line":3,"column":44}},"3":{"start":{"line":4,"column":15},"end":{"line":4,"column":31}},"4":{"start":{"line":7,"column":0},"end":{"line":32,"column":3}},"5":{"start":{"line":8,"column":23},"end":{"line":8,"column":33}},"6":{"start":{"line":9,"column":4},"end":{"line":31,"column":5}},"7":{"start":{"line":10,"column":8},"end":{"line":10,"column":61}},"8":{"start":{"line":13,"column":21},"end":{"line":13,"column":76}},"9":{"start":{"line":14,"column":8},"end":{"line":16,"column":9}},"10":{"start":{"line":15,"column":12},"end":{"line":15,"column":71}},"11":{"start":{"line":19,"column":36},"end":{"line":19,"column":77}},"12":{"start":{"line":19,"column":66},"end":{"line":19,"column":76}},"13":{"start":{"line":22,"column":36},"end":{"line":25,"column":19}},"14":{"start":{"line":27,"column":8},"end":{"line":27,"column":38}},"15":{"start":{"line":29,"column":8},"end":{"line":29,"column":66}},"16":{"start":{"line":30,"column":8},"end":{"line":30,"column":78}},"17":{"start":{"line":34,"column":0},"end":{"line":34,"column":24}}},"fnMap":{"0":{"name":"(anonymous_0)","decl":{"start":{"line":7,"column":23},"end":{"line":7,"column":24}},"loc":{"start":{"line":7,"column":43},"end":{"line":32,"column":1}},"line":7},"1":{"name":"(anonymous_1)","decl":{"start":{"line":19,"column":61},"end":{"line":19,"column":62}},"loc":{"start":{"line":19,"column":66},"end":{"line":19,"column":76}},"line":19}},"branchMap":{"0":{"loc":{"start":{"line":14,"column":8},"end":{"line":16,"column":9}},"type":"if","locations":[{"start":{"line":14,"column":8},"end":{"line":16,"column":9}},{"start":{},"end":{}}],"line":14}},"s":{"0":1,"1":1,"2":1,"3":1,"4":1,"5":0,"6":0,"7":0,"8":0,"9":0,"10":0,"11":0,"12":0,"13":0,"14":0,"15":0,"16":0,"17":1},"f":{"0":0,"1":0},"b":{"0":[0,0]},"_coverageSchema":"1a1c01bbd47fc00a2c39e90264f33305004495a9","hash":"fd9311331eba97dd0784a9d93618104f44d1d584"}
,"/Users/Fandy/Desktop/work-Projects/advanced-ecommerce-platform/backend/routes/user.js": {"path":"/Users/Fandy/Desktop/work-Projects/advanced-ecommerce-platform/backend/routes/user.js","statementMap":{"0":{"start":{"line":1,"column":16},"end":{"line":1,"column":34}},"1":{"start":{"line":2,"column":15},"end":{"line":2,"column":34}},"2":{"start":{"line":3,"column":12},"end":{"line":3,"column":35}},"3":{"start":{"line":4,"column":13},"end":{"line":4,"column":38}},"4":{"start":{"line":5,"column":15},"end":{"line":5,"column":31}},"5":{"start":{"line":8,"column":0},"end":{"line":28,"column":3}},"6":{"start":{"line":9,"column":38},"end":{"line":9,"column":46}},"7":{"start":{"line":10,"column":4},"end":{"line":27,"column":5}},"8":{"start":{"line":12,"column":29},"end":{"line":12,"column":58}},"9":{"start":{"line":13,"column":8},"end":{"line":15,"column":9}},"10":{"start":{"line":14,"column":12},"end":{"line":14,"column":81}},"11":{"start":{"line":18,"column":31},"end":{"line":18,"column":62}},"12":{"start":{"line":21,"column":24},"end":{"line":21,"column":75}},"13":{"start":{"line":22,"column":8},"end":{"line":22,"column":29}},"14":{"start":{"line":24,"column":8},"end":{"line":24,"column":78}},"15":{"start":{"line":26,"column":8},"end":{"line":26,"column":66}},"16":{"start":{"line":31,"column":0},"end":{"line":57,"column":3}},"17":{"start":{"line":32,"column":32},"end":{"line":32,"column":40}},"18":{"start":{"line":33,"column":4},"end":{"line":56,"column":5}},"19":{"start":{"line":35,"column":21},"end":{"line":35,"column":50}},"20":{"start":{"line":36,"column":8},"end":{"line":38,"column":9}},"21":{"start":{"line":37,"column":12},"end":{"line":37,"column":84}},"22":{"start":{"line":41,"column":32},"end":{"line":41,"column":77}},"23":{"start":{"line":42,"column":8},"end":{"line":44,"column":9}},"24":{"start":{"line":43,"column":12},"end":{"line":43,"column":89}},"25":{"start":{"line":47,"column":22},"end":{"line":47,"column":110}},"26":{"start":{"line":48,"column":8},"end":{"line":53,"column":11}},"27":{"start":{"line":55,"column":8},"end":{"line":55,"column":66}},"28":{"start":{"line":60,"column":0},"end":{"line":75,"column":3}},"29":{"start":{"line":61,"column":4},"end":{"line":74,"column":5}},"30":{"start":{"line":62,"column":21},"end":{"line":62,"column":55}},"31":{"start":{"line":63,"column":8},"end":{"line":65,"column":9}},"32":{"start":{"line":64,"column":12},"end":{"line":64,"column":84}},"33":{"start":{"line":67,"column":8},"end":{"line":71,"column":11}},"34":{"start":{"line":73,"column":8},"end":{"line":73,"column":66}},"35":{"start":{"line":78,"column":0},"end":{"line":98,"column":3}},"36":{"start":{"line":79,"column":28},"end":{"line":79,"column":36}},"37":{"start":{"line":80,"column":4},"end":{"line":97,"column":5}},"38":{"start":{"line":81,"column":28},"end":{"line":85,"column":9}},"39":{"start":{"line":87,"column":8},"end":{"line":89,"column":9}},"40":{"start":{"line":88,"column":12},"end":{"line":88,"column":84}},"41":{"start":{"line":91,"column":8},"end":{"line":94,"column":11}},"42":{"start":{"line":96,"column":8},"end":{"line":96,"column":66}},"43":{"start":{"line":100,"column":0},"end":{"line":100,"column":24}}},"fnMap":{"0":{"name":"(anonymous_0)","decl":{"start":{"line":8,"column":25},"end":{"line":8,"column":26}},"loc":{"start":{"line":8,"column":45},"end":{"line":28,"column":1}},"line":8},"1":{"name":"(anonymous_1)","decl":{"start":{"line":31,"column":22},"end":{"line":31,"column":23}},"loc":{"start":{"line":31,"column":42},"end":{"line":57,"column":1}},"line":31},"2":{"name":"(anonymous_2)","decl":{"start":{"line":60,"column":19},"end":{"line":60,"column":20}},"loc":{"start":{"line":60,"column":39},"end":{"line":75,"column":1}},"line":60},"3":{"name":"(anonymous_3)","decl":{"start":{"line":78,"column":19},"end":{"line":78,"column":20}},"loc":{"start":{"line":78,"column":39},"end":{"line":98,"column":1}},"line":78}},"branchMap":{"0":{"loc":{"start":{"line":13,"column":8},"end":{"line":15,"column":9}},"type":"if","locations":[{"start":{"line":13,"column":8},"end":{"line":15,"column":9}},{"start":{},"end":{}}],"line":13},"1":{"loc":{"start":{"line":36,"column":8},"end":{"line":38,"column":9}},"type":"if","locations":[{"start":{"line":36,"column":8},"end":{"line":38,"column":9}},{"start":{},"end":{}}],"line":36},"2":{"loc":{"start":{"line":42,"column":8},"end":{"line":44,"column":9}},"type":"if","locations":[{"start":{"line":42,"column":8},"end":{"line":44,"column":9}},{"start":{},"end":{}}],"line":42},"3":{"loc":{"start":{"line":63,"column":8},"end":{"line":65,"column":9}},"type":"if","locations":[{"start":{"line":63,"column":8},"end":{"line":65,"column":9}},{"start":{},"end":{}}],"line":63},"4":{"loc":{"start":{"line":87,"column":8},"end":{"line":89,"column":9}},"type":"if","locations":[{"start":{"line":87,"column":8},"end":{"line":89,"column":9}},{"start":{},"end":{}}],"line":87}},"s":{"0":1,"1":1,"2":1,"3":1,"4":1,"5":1,"6":0,"7":0,"8":0,"9":0,"10":0,"11":0,"12":0,"13":0,"14":0,"15":0,"16":1,"17":0,"18":0,"19":0,"20":0,"21":0,"22":0,"23":0,"24":0,"25":0,"26":0,"27":0,"28":1,"29":0,"30":0,"31":0,"32":0,"33":0,"34":0,"35":1,"36":0,"37":0,"38":0,"39":0,"40":0,"41":0,"42":0,"43":1},"f":{"0":0,"1":0,"2":0,"3":0},"b":{"0":[0,0],"1":[0,0],"2":[0,0],"3":[0,0],"4":[0,0]},"_coverageSchema":"1a1c01bbd47fc00a2c39e90264f33305004495a9","hash":"6f1604f101377fb129965ecd5a3866056c196795"}
,"/Users/Fandy/Desktop/work-Projects/advanced-ecommerce-platform/backend/routes/vendor.js": {"path":"/Users/Fandy/Desktop/work-Projects/advanced-ecommerce-platform/backend/routes/vendor.js","statementMap":{"0":{"start":{"line":1,"column":16},"end":{"line":1,"column":34}},"1":{"start":{"line":2,"column":15},"end":{"line":2,"column":42}},"2":{"start":{"line":3,"column":15},"end":{"line":3,"column":34}},"3":{"start":{"line":4,"column":12},"end":{"line":4,"column":35}},"4":{"start":{"line":5,"column":15},"end":{"line":5,"column":31}},"5":{"start":{"line":8,"column":0},"end":{"line":26,"column":3}},"6":{"start":{"line":9,"column":38},"end":{"line":9,"column":46}},"7":{"start":{"line":10,"column":4},"end":{"line":25,"column":5}},"8":{"start":{"line":12,"column":31},"end":{"line":12,"column":62}},"9":{"start":{"line":13,"column":8},"end":{"line":15,"column":9}},"10":{"start":{"line":14,"column":12},"end":{"line":14,"column":83}},"11":{"start":{"line":18,"column":31},"end":{"line":18,"column":62}},"12":{"start":{"line":19,"column":26},"end":{"line":19,"column":79}},"13":{"start":{"line":20,"column":8},"end":{"line":20,"column":31}},"14":{"start":{"line":22,"column":8},"end":{"line":22,"column":83}},"15":{"start":{"line":24,"column":8},"end":{"line":24,"column":66}},"16":{"start":{"line":29,"column":0},"end":{"line":50,"column":3}},"17":{"start":{"line":30,"column":32},"end":{"line":30,"column":40}},"18":{"start":{"line":31,"column":4},"end":{"line":49,"column":5}},"19":{"start":{"line":33,"column":23},"end":{"line":33,"column":54}},"20":{"start":{"line":34,"column":8},"end":{"line":36,"column":9}},"21":{"start":{"line":35,"column":12},"end":{"line":35,"column":86}},"22":{"start":{"line":39,"column":32},"end":{"line":39,"column":79}},"23":{"start":{"line":40,"column":8},"end":{"line":42,"column":9}},"24":{"start":{"line":41,"column":12},"end":{"line":41,"column":89}},"25":{"start":{"line":45,"column":22},"end":{"line":45,"column":95}},"26":{"start":{"line":46,"column":8},"end":{"line":46,"column":105}},"27":{"start":{"line":48,"column":8},"end":{"line":48,"column":66}},"28":{"start":{"line":52,"column":0},"end":{"line":52,"column":24}}},"fnMap":{"0":{"name":"(anonymous_0)","decl":{"start":{"line":8,"column":25},"end":{"line":8,"column":26}},"loc":{"start":{"line":8,"column":45},"end":{"line":26,"column":1}},"line":8},"1":{"name":"(anonymous_1)","decl":{"start":{"line":29,"column":22},"end":{"line":29,"column":23}},"loc":{"start":{"line":29,"column":42},"end":{"line":50,"column":1}},"line":29}},"branchMap":{"0":{"loc":{"start":{"line":13,"column":8},"end":{"line":15,"column":9}},"type":"if","locations":[{"start":{"line":13,"column":8},"end":{"line":15,"column":9}},{"start":{},"end":{}}],"line":13},"1":{"loc":{"start":{"line":34,"column":8},"end":{"line":36,"column":9}},"type":"if","locations":[{"start":{"line":34,"column":8},"end":{"line":36,"column":9}},{"start":{},"end":{}}],"line":34},"2":{"loc":{"start":{"line":40,"column":8},"end":{"line":42,"column":9}},"type":"if","locations":[{"start":{"line":40,"column":8},"end":{"line":42,"column":9}},{"start":{},"end":{}}],"line":40}},"s":{"0":1,"1":1,"2":1,"3":1,"4":1,"5":1,"6":0,"7":0,"8":0,"9":0,"10":0,"11":0,"12":0,"13":0,"14":0,"15":0,"16":1,"17":0,"18":0,"19":0,"20":0,"21":0,"22":0,"23":0,"24":0,"25":0,"26":0,"27":0,"28":1},"f":{"0":0,"1":0},"b":{"0":[0,0],"1":[0,0],"2":[0,0]},"_coverageSchema":"1a1c01bbd47fc00a2c39e90264f33305004495a9","hash":"b64c58dee9b18447cfe78e5dc40f365e6ba65a73"}
,"/Users/Fandy/Desktop/work-Projects/advanced-ecommerce-platform/backend/utils/cache.js": {"path":"/Users/Fandy/Desktop/work-Projects/advanced-ecommerce-platform/backend/utils/cache.js","statementMap":{"0":{"start":{"line":1,"column":14},"end":{"line":1,"column":30}},"1":{"start":{"line":2,"column":15},"end":{"line":2,"column":35}},"2":{"start":{"line":4,"column":0},"end":{"line":6,"column":3}},"3":{"start":{"line":5,"column":2},"end":{"line":5,"column":36}},"4":{"start":{"line":8,"column":0},"end":{"line":10,"column":3}},"5":{"start":{"line":9,"column":2},"end":{"line":9,"column":37}},"6":{"start":{"line":12,"column":0},"end":{"line":12,"column":17}},"7":{"start":{"line":14,"column":0},"end":{"line":14,"column":24}}},"fnMap":{"0":{"name":"(anonymous_0)","decl":{"start":{"line":4,"column":21},"end":{"line":4,"column":22}},"loc":{"start":{"line":4,"column":27},"end":{"line":6,"column":1}},"line":4},"1":{"name":"(anonymous_1)","decl":{"start":{"line":8,"column":19},"end":{"line":8,"column":20}},"loc":{"start":{"line":8,"column":28},"end":{"line":10,"column":1}},"line":8}},"branchMap":{},"s":{"0":1,"1":1,"2":1,"3":1,"4":1,"5":0,"6":1,"7":1},"f":{"0":1,"1":0},"b":{},"_coverageSchema":"1a1c01bbd47fc00a2c39e90264f33305004495a9","hash":"39b96a99a35e95f138afb0805f9c22ff27585380"}
,"/Users/Fandy/Desktop/work-Projects/advanced-ecommerce-platform/backend/utils/logger.js": {"path":"/Users/Fandy/Desktop/work-Projects/advanced-ecommerce-platform/backend/utils/logger.js","statementMap":{"0":{"start":{"line":1,"column":45},"end":{"line":1,"column":63}},"1":{"start":{"line":2,"column":49},"end":{"line":2,"column":55}},"2":{"start":{"line":3,"column":15},"end":{"line":14,"column":4}},"3":{"start":{"line":8,"column":46},"end":{"line":8,"column":83}},"4":{"start":{"line":16,"column":2},"end":{"line":16,"column":26}}},"fnMap":{"0":{"name":"(anonymous_0)","decl":{"start":{"line":8,"column":11},"end":{"line":8,"column":12}},"loc":{"start":{"line":8,"column":46},"end":{"line":8,"column":83}},"line":8}},"branchMap":{},"s":{"0":1,"1":1,"2":1,"3":0,"4":1},"f":{"0":0},"b":{},"_coverageSchema":"1a1c01bbd47fc00a2c39e90264f33305004495a9","hash":"20d9b7835f6f8ba4d42717ddeef2d6bb96773ca5"}
,"/Users/Fandy/Desktop/work-Projects/advanced-ecommerce-platform/backend/utils/metrics.js": {"path":"/Users/Fandy/Desktop/work-Projects/advanced-ecommerce-platform/backend/utils/metrics.js","statementMap":{"0":{"start":{"line":1,"column":15},"end":{"line":1,"column":37}},"1":{"start":{"line":4,"column":17},"end":{"line":4,"column":38}},"2":{"start":{"line":7,"column":0},"end":{"line":7,"column":43}},"3":{"start":{"line":10,"column":28},"end":{"line":14,"column":2}},"4":{"start":{"line":17,"column":0},"end":{"line":17,"column":45}},"5":{"start":{"line":19,"column":0},"end":{"line":19,"column":51}}},"fnMap":{},"branchMap":{},"s":{"0":1,"1":1,"2":1,"3":1,"4":1,"5":1},"f":{},"b":{},"_coverageSchema":"1a1c01bbd47fc00a2c39e90264f33305004495a9","hash":"6f1e350ab3812e8014a24ec9962f3c37c12dc4d9"}
}
